
--------------------------------------------------------------
LOADING data: 6u32_CP4.pkl

--------------------------------------------------------------
OPTIMIZING DBSCAN eps and min_samples params
optimal silhouette score: 0.9045787792289902
optimal silhouette score eps: 0.5
optimal silhouette score min_samples: 2.0

--------------------------------------------------------------
SUMMARY of custers

[97mLabel: -1
[91mrep_nc: [245, 268]
num_nc: 1
[96mrep_gval: 0.719990427414591
[93mcrossings: 238 241
avg_ent_depth: 0.5224489795918368
[92msurrounding Residues: 126 127 139 173 236 237 239 240 242 243 244 245 246 249 262 263 264 265 266 267 268 269 271

[97mLabel: 0
[91mrep_nc: [1, 50]
num_nc: 19
[96mrep_gval: 0.7854906514081701
[93mcrossings: 56 57 58 59 60
avg_ent_depth: 0.7386831275720164
[92msurrounding Residues: 20 21 22 23 24 25 26 27 28 29 30 31 32 33 34 35 36 41 42 43 45 46 48 49 50 51 52 53 54 55 56 57 58 59 60 61 62 89 92 93 94 98 100 284 287 288 290

[97mLabel: 1
[91mrep_nc: [41, 189]
num_nc: 5
[96mrep_gval: 0.7464757760681586
[93mcrossings: 36 37 39
avg_ent_depth: 0.5894308943089431
[92msurrounding Residues: 34 35 36 37 38 39 40 41 42 43 44 45 60 61 62 63 64 66 67 100 101 102 103 104 105 106 108 165 166 169 170 186 187 189 199

[97mLabel: 2
[91mrep_nc: [44, 288]
num_nc: 39
[96mrep_gval: 0.7907479997943104
[93mcrossings: 34 35 37 38 39 44
avg_ent_depth: 0.6681818181818182
[92msurrounding Residues: 31 32 33 34 35 36 37 38 40 41 42 43 44 45 46 47 48 49 52 53 57 58 59 60 61 62 63 66 67 85 98 99 100 101 102 103 104 105 106 107 108 109 110 112 165 166 169 170 186 187 189 198 199 200 201 202 203 269 270 271 272 273 276 280 283

[97mLabel: 3
[91mrep_nc: [139, 242]
num_nc: 2
[96mrep_gval: 0.7564744141031495
[93mcrossings: 128 129
avg_ent_depth: 0.5755395683453237
[92msurrounding Residues: 37 101 102 103 104 105 106 107 108 110 125 126 127 128 129 130 131 206 207 215 216 219 223 235 236 243 244 248 249 252 269

[97mLabel: 4
[91mrep_nc: [170, 274]
num_nc: 19
[96mrep_gval: 0.7621471138818174
[93mcrossings: 38 39 126 127 128 129
avg_ent_depth: 0.7421568627450981
[92msurrounding Residues: 36 37 38 39 40 41 66 67 100 101 102 103 104 105 106 107 108 110 124 125 126 127 128 129 130 131 165 166 169 170 172 173 174 175 186 187 189 198 199 200 201 202 203 206 207 215 216 219 223 234 235 236 237 238 239 240 241 242 243 244 245 248 249 252 267 268 269 270 271 272 273 279
85

[97mSAVED: 6u32_CP4.summary
[97mNORMAL TERMINATION
